SF:lib/data/datasources/guia_de_moteis_remote_datasource.dart
DA:14,1
DA:16,1
DA:19,2
DA:21,1
DA:22,1
DA:29,2
DA:30,3
DA:31,1
DA:32,1
DA:34,0
DA:36,1
DA:37,2
DA:38,1
DA:40,0
DA:41,0
LF:15
LH:12
end_of_record
SF:lib/data/models/guias_de_moteis_response_model.dart
DA:5,3
DA:9,3
DA:10,5
DA:11,6
DA:13,3
DA:15,3
DA:16,3
LF:7
LH:7
end_of_record
SF:lib/data/models/guia_de_moteis_model.dart
DA:8,0
DA:19,0
DA:20,0
DA:22,0
DA:23,0
DA:24,0
DA:25,0
DA:26,0
DA:27,0
DA:28,0
DA:29,0
DA:31,0
DA:32,0
LF:13
LH:0
end_of_record
SF:lib/domain/entities/guia_de_moteis.dart
DA:20,3
DA:31,1
DA:32,6
LF:3
LH:3
end_of_record
SF:lib/data/models/suite_model.dart
DA:5,0
DA:7,0
DA:8,0
DA:9,0
DA:15,0
DA:24,0
DA:26,0
DA:28,0
DA:29,0
DA:30,0
DA:31,0
DA:32,0
DA:33,0
DA:35,0
DA:41,0
DA:43,0
DA:44,0
DA:45,0
DA:51,0
DA:56,0
DA:57,0
DA:58,0
DA:59,0
DA:65,0
DA:75,0
DA:77,0
DA:78,0
DA:79,0
DA:82,0
DA:83,0
DA:84,0
DA:87,0
DA:88,0
DA:89,0
DA:92,0
DA:93,0
DA:94,0
DA:96,0
DA:97,0
DA:98,0
DA:99,0
LF:41
LH:0
end_of_record
SF:lib/domain/entities/guia_de_moteis_response.dart
DA:7,6
DA:11,1
DA:12,2
LF:3
LH:3
end_of_record
SF:lib/domain/entities/suite.dart
DA:6,0
DA:8,0
DA:9,0
DA:16,1
DA:21,0
DA:22,0
DA:33,0
DA:42,0
DA:44,0
DA:50,0
DA:52,0
DA:53,0
DA:65,1
DA:75,0
DA:76,0
DA:77,0
DA:78,0
DA:79,0
DA:80,0
DA:81,0
DA:82,0
DA:83,0
LF:22
LH:2
end_of_record
SF:lib/data/repositories/guia_de_moteis_repository_impl.dart
DA:11,1
DA:13,1
DA:16,2
DA:17,1
DA:18,1
DA:19,2
LF:6
LH:6
end_of_record
SF:lib/domain/usecases/get_guia_de_moteis.dart
DA:9,1
DA:11,1
DA:12,2
LF:3
LH:3
end_of_record
SF:lib/presentation/widgets/guia_de_moteis_card.dart
DA:21,1
DA:30,1
DA:32,2
DA:33,1
DA:34,1
DA:35,1
DA:36,1
DA:37,1
DA:38,1
DA:39,1
DA:40,1
DA:41,1
DA:42,1
DA:43,2
DA:44,1
DA:45,1
DA:46,1
DA:48,1
DA:49,1
DA:50,1
DA:51,1
DA:52,2
DA:53,1
DA:64,2
DA:67,1
DA:68,1
DA:70,1
DA:72,1
DA:74,1
DA:75,3
DA:77,1
DA:78,1
DA:79,1
DA:80,1
DA:81,1
DA:82,2
DA:86,0
DA:90,1
DA:91,1
DA:92,5
DA:99,1
DA:100,1
DA:101,1
DA:104,1
DA:105,1
DA:107,1
DA:108,1
DA:119,1
DA:120,1
DA:123,1
DA:124,1
DA:126,1
DA:128,1
DA:130,1
DA:131,1
DA:132,1
DA:133,1
DA:134,1
DA:135,1
DA:136,2
DA:140,1
DA:144,1
DA:145,1
DA:147,1
DA:148,3
DA:150,1
DA:151,5
DA:160,1
DA:161,1
DA:162,1
DA:166,1
DA:167,1
DA:168,2
DA:169,1
DA:170,1
DA:171,1
DA:173,0
DA:174,0
DA:176,0
DA:177,0
DA:189,1
DA:190,1
DA:193,1
DA:194,1
DA:196,1
DA:198,1
DA:199,1
DA:200,1
DA:202,4
DA:203,0
DA:204,1
DA:205,4
DA:206,2
DA:207,1
DA:208,0
DA:211,0
DA:213,1
DA:214,1
DA:216,1
DA:217,1
DA:224,0
DA:226,0
DA:227,0
DA:228,0
DA:231,0
DA:232,0
LF:106
LH:92
end_of_record
SF:lib/core/constants/app_resizer.dart
DA:6,0
DA:8,0
DA:9,0
DA:12,0
DA:13,0
DA:16,0
DA:18,0
DA:21,2
DA:23,8
LF:9
LH:2
end_of_record
SF:lib/core/constants/app_strings.dart
DA:2,0
DA:13,1
DA:14,1
LF:3
LH:2
end_of_record
SF:lib/presentation/widgets/guia_de_moteis_suite_slides.dart
DA:16,2
DA:25,2
DA:27,2
DA:29,2
DA:30,2
DA:31,2
DA:33,2
DA:34,2
DA:35,2
DA:36,2
DA:38,2
DA:40,0
DA:41,0
DA:42,0
DA:44,0
DA:45,0
DA:46,0
DA:51,2
DA:57,2
DA:58,2
DA:62,2
DA:63,1
DA:64,2
LF:23
LH:17
end_of_record
SF:lib/presentation/widgets/guia_de_moteis_itens.dart
DA:10,0
DA:12,0
DA:14,0
DA:15,0
DA:16,0
DA:17,0
DA:18,0
DA:19,0
DA:20,0
DA:22,0
DA:25,0
DA:27,0
DA:29,0
DA:30,0
DA:31,0
DA:34,0
DA:35,0
DA:36,0
DA:37,0
DA:39,0
DA:42,0
DA:43,0
DA:48,0
DA:51,0
DA:53,0
DA:54,0
DA:56,0
DA:57,0
DA:58,0
DA:61,0
DA:64,0
DA:65,0
DA:72,0
DA:74,0
DA:76,0
DA:77,0
DA:78,0
DA:79,0
DA:82,0
DA:84,0
DA:88,0
LF:41
LH:0
end_of_record
SF:lib/presentation/widgets/guia_de_moteis_periodos.dart
DA:10,1
DA:12,0
DA:14,0
DA:15,0
DA:16,0
DA:23,0
DA:25,0
DA:27,0
DA:28,0
DA:30,0
DA:31,0
DA:32,0
DA:33,0
DA:35,0
DA:38,0
DA:39,0
DA:41,0
DA:44,0
DA:45,0
DA:47,0
DA:48,0
DA:50,0
DA:51,0
DA:52,0
DA:53,0
DA:54,0
DA:55,0
DA:60,0
DA:61,0
DA:66,0
DA:67,0
DA:72,0
DA:73,0
DA:74,0
DA:75,0
DA:76,0
DA:77,0
DA:79,0
DA:89,0
DA:90,0
LF:40
LH:1
end_of_record
SF:lib/presentation/widgets/guia_de_moteis_rating.dart
DA:11,1
DA:17,1
DA:19,2
DA:20,3
DA:21,2
DA:23,1
DA:24,1
DA:25,1
DA:27,0
DA:28,1
DA:30,0
DA:34,1
DA:36,1
DA:37,1
DA:39,1
DA:40,2
LF:16
LH:14
end_of_record
